<?xml version="1.0" encoding="UTF-8"?>
<!-- Generated by org.testng.reporters.JUnitReportReporter -->
<testsuite hostname="ip-172-31-95-245" failures="0" tests="1" name="com.sportyshoe.api.testcalculationservice" time="0.008" errors="0" timestamp="2023-08-24T10:37:49 UTC" skipped="0">
  <testcase classname="com.sportyshoe.api.testcalculationservice" name="testCalculateTotalPriceWithDiscount" time="0.008"/>
  <system-out/>
</testsuite> <!-- com.sportyshoe.api.testcalculationservice -->
